<?xml version="1.0" encoding="UTF-8"?>
<testng-results skipped="0" failed="0" total="1" passed="1">
  <reporter-output>
  </reporter-output>
  <suite name="Suite" duration-ms="13268" started-at="2020-02-19T09:49:31Z" finished-at="2020-02-19T09:49:45Z">
    <groups>
    </groups>
    <test name="Test" duration-ms="13268" started-at="2020-02-19T09:49:31Z" finished-at="2020-02-19T09:49:45Z">
      <class name="test.TESTFramework">
        <test-method status="PASS" signature="openApp()[pri:0, instance:test.TESTFramework@62ee68d8]" name="openApp" is-config="true" duration-ms="9539" started-at="2020-02-19T15:19:31Z" finished-at="2020-02-19T15:19:41Z">
          <reporter-output>
          </reporter-output>
        </test-method> <!-- openApp -->
        <test-method status="PASS" signature="enter()[pri:0, instance:test.TESTFramework@62ee68d8]" name="enter" duration-ms="3699" started-at="2020-02-19T15:19:41Z" finished-at="2020-02-19T15:19:44Z">
          <reporter-output>
          </reporter-output>
        </test-method> <!-- enter -->
        <test-method status="PASS" signature="closeApp()[pri:0, instance:test.TESTFramework@62ee68d8]" name="closeApp" is-config="true" duration-ms="0" started-at="2020-02-19T15:19:45Z" finished-at="2020-02-19T15:19:45Z">
          <reporter-output>
          </reporter-output>
        </test-method> <!-- closeApp -->
      </class> <!-- test.TESTFramework -->
    </test> <!-- Test -->
  </suite> <!-- Suite -->
</testng-results>
